CPUE CALL CLLL Survey surveyCALL surveyCLLL surveynosexCLLL negpen Priorlike f 
0 -412.003 0 6.63272 -254.033 0 0 0 4.94652 -654.457
0 -395.358 0 7.53503 -248.722 0 0 0 6.4132 -630.132
0 -395.354 0 7.36062 -248.612 0 0 0 7.00638 -629.599
0 -399.136 0 12.4265 -251.963 0 0 0 5.88911 -632.783
0 -394.29 0 7.84397 -251.676 0 0 0 7.07151 -631.05
0 -395.262 0 7.64363 -252.285 0 0 0 6.62013 -633.283
0 -396.516 0 9.51567 -253.67 0 0 0 5.71121 -634.959
0 -401.444 0 8.12078 -250.942 0 0 0 5.27986 -638.986
0 -396.666 0 7.7002 -250.287 0 0 0 5.83159 -633.421
0 -393.617 0 7.76326 -249.934 0 0 0 5.79457 -629.994
0 -393.636 0 9.18881 -250.511 0 0 0 6.60435 -628.354
0 -392.48 0 8.82955 -244.008 0 0 0 5.5508 -622.108
0 -397.952 0 10.5981 -249.531 0 0 0 5.57198 -631.313
0 -392.897 0 8.52057 -249.284 0 0 0 6.7012 -626.959
0 -395.739 0 8.84394 -247.93 0 0 0 5.26696 -629.558
0 -391.005 0 8.379 -249.767 0 0 0 9.06496 -623.328
0 -392.883 0 9.75598 -249.109 0 0 0 8.9194 -623.317
0 -397.34 0 8.80358 -250.73 0 0 0 6.74498 -632.521
0 -394.502 0 6.80652 -251.866 0 0 0 7.76701 -631.794
0 -394.153 0 6.81864 -253.135 0 0 0 9.07835 -631.391
0 -397.646 0 6.3399 -251.099 0 0 0 7.28439 -635.121
0 -397.962 0 6.75024 -250.886 0 0 0 7.98869 -634.108
0 -398.778 0 5.71622 -247.344 0 0 0 7.38708 -633.018
0 -393.431 0 5.71194 -240.216 0 0 0 8.12888 -619.806
0 -400.49 0 6.52183 -247.312 0 0 0 8.3953 -632.885
0 -398.896 0 5.51076 -244.143 0 0 0 6.30464 -631.224
0 -398.116 0 6.18299 -243.281 0 0 0 7.62432 -627.59
0 -394.275 0 6.51347 -248.649 0 0 0 6.23961 -630.171
0 -395.506 0 7.25855 -250.575 0 0 0 8.25761 -630.565
0 -392.222 0 6.21279 -246.815 0 0 0 7.70399 -625.12
0 -393.826 0 6.69439 -250.597 0 0 0 8.07737 -629.652
0 -394.13 0 6.50583 -246.747 0 0 0 8.93175 -625.44
0 -392.754 0 6.04675 -245.02 0 0 0 7.81923 -623.908
0 -395.805 0 6.77111 -246.024 0 0 0 7.42965 -627.628
0 -397.745 0 5.95137 -247.018 0 0 0 6.15888 -632.652
0 -397.226 0 6.36523 -242.306 0 0 0 6.42468 -626.742
0 -400.517 0 6.18559 -244.421 0 0 0 8.36325 -630.389
0 -399.442 0 6.12258 -243.761 0 0 0 8.77914 -628.301
0 -399.899 0 5.25035 -247.243 0 0 0 7.59336 -634.298
0 -397.607 0 6.48365 -246.53 0 0 0 7.52544 -630.128
0 -394.361 0 6.4853 -247.843 0 0 0 9.35555 -626.363
0 -392.929 0 7.76804 -247.908 0 0 0 7.89132 -625.178
0 -390.437 0 5.94852 -249.463 0 0 0 6.7496 -627.202
0 -396.465 0 7.12626 -248.732 0 0 0 6.26122 -631.809
0 -395.902 0 7.42522 -248.807 0 0 0 6.80247 -630.482
0 -395.828 0 7.26123 -251.127 0 0 0 8.71739 -630.976
0 -395.202 0 7.81914 -252.242 0 0 0 12.919 -626.706
0 -394.723 0 9.59726 -251.038 0 0 0 8.80442 -627.359
0 -396.68 0 8.67597 -254.076 0 0 0 7.20197 -634.878
0 -394.461 0 8.93596 -252.063 0 0 0 8.45759 -629.13
0 -395.589 0 8.1109 -251.321 0 0 0 6.76566 -632.034
0 -395.591 0 5.75376 -243.016 0 0 0 5.84497 -627.008
0 -394.535 0 6.70121 -246.84 0 0 0 7.03782 -627.636
0 -397.051 0 7.82569 -248.42 0 0 0 6.47483 -631.171
0 -395.977 0 7.02734 -248.607 0 0 0 6.53459 -631.022
0 -396.382 0 9.5997 -252.202 0 0 0 8.77517 -630.208
0 -398.173 0 7.18156 -251.269 0 0 0 9.40066 -632.86
0 -398.279 0 7.57168 -248.97 0 0 0 7.23923 -632.438
0 -398.525 0 7.21282 -250.47 0 0 0 6.71624 -635.066
0 -400.025 0 6.92945 -244.601 0 0 0 7.02727 -630.67
0 -402.87 0 7.02192 -247.138 0 0 0 7.1653 -635.821
0 -399.329 0 8.05734 -248.677 0 0 0 7.83405 -632.114
0 -399.075 0 10.998 -249.194 0 0 0 8.0449 -629.226
0 -398.553 0 10.1619 -245.711 0 0 0 7.17414 -626.928
0 -397.263 0 10.0159 -246.574 0 0 0 6.98274 -626.838
0 -400.819 0 8.76783 -248.315 0 0 0 6.55326 -633.814
0 -399.932 0 7.09385 -244.24 0 0 0 6.85519 -630.223
0 -399.509 0 6.69735 -245.283 0 0 0 5.70679 -632.388
0 -403.187 0 8.01485 -247.369 0 0 0 6.03732 -636.503
0 -402.201 0 9.08122 -246.713 0 0 0 6.75507 -633.078
0 -397.61 0 8.77672 -248.21 0 0 0 6.73375 -630.309
0 -391.722 0 9.91153 -249.041 0 0 0 6.10833 -624.743
0 -399.194 0 10.6919 -245.885 0 0 0 7.74309 -626.644
0 -403.438 0 8.95222 -250.26 0 0 0 9.23936 -635.507
0 -391.938 0 6.8325 -250.377 0 0 0 9.02061 -626.462
0 -399.031 0 8.07374 -248.937 0 0 0 9.21191 -630.682
0 -402.521 0 10.2691 -248.333 0 0 0 7.93298 -632.652
0 -397.195 0 10.1613 -253.299 0 0 0 8.37188 -631.961
0 -398.506 0 10.8607 -252.353 0 0 0 10.174 -629.824
0 -398.777 0 7.2113 -252.96 0 0 0 6.38536 -638.14
0 -394.695 0 6.33202 -251.13 0 0 0 6.79179 -632.701
0 -399.237 0 6.98035 -250.256 0 0 0 7.53648 -634.976
0 -397.882 0 9.04174 -247.906 0 0 0 7.08048 -629.666
0 -397.666 0 5.66128 -247.295 0 0 0 6.90801 -632.392
0 -397.66 0 8.52445 -246.995 0 0 0 6.60753 -629.523
0 -400.071 0 7.53994 -250.25 0 0 0 5.98215 -636.799
0 -393.076 0 7.76002 -249.297 0 0 0 7.17861 -627.434
0 -392.641 0 8.67237 -246.535 0 0 0 6.97932 -623.524
0 -397.781 0 8.596 -248.226 0 0 0 7.10968 -630.301
0 -400.814 0 7.54084 -247.051 0 0 0 7.76901 -632.556
0 -398.93 0 5.67666 -247.825 0 0 0 6.07814 -635
0 -396.654 0 5.70729 -246.981 0 0 0 6.65619 -631.271
0 -397.711 0 7.9565 -247.377 0 0 0 5.772 -631.359
0 -391.379 0 6.34949 -247.143 0 0 0 6.49688 -625.675
0 -382.365 0 4.97983 -246.375 0 0 0 7.65199 -616.109
0 -390.407 0 6.06794 -247.518 0 0 0 8.4155 -623.441
0 -399.739 0 6.08581 -251.734 0 0 0 8.09477 -637.292
0 -403.866 0 7.48608 -246.326 0 0 0 7.86643 -634.84
0 -402.867 0 8.13463 -253.28 0 0 0 6.49889 -641.514
0 -398.545 0 8.37159 -251.215 0 0 0 6.91964 -634.469
0 -398.24 0 7.24991 -251.018 0 0 0 6.90207 -635.106
0 -394.086 0 10.8117 -247.097 0 0 0 8.34512 -622.026
0 -396.132 0 9.6822 -252.172 0 0 0 9.32177 -629.301
0 -395.322 0 7.51491 -252.678 0 0 0 9.71489 -630.77
0 -398.691 0 7.93822 -251.258 0 0 0 10.4556 -631.555
0 -396.973 0 6.2356 -249.717 0 0 0 8.86201 -631.593
0 -396.687 0 6.67517 -253.578 0 0 0 7.31749 -636.273
0 -395.513 0 8.67406 -251.054 0 0 0 8.8893 -629.004
0 -393.084 0 9.05584 -251.027 0 0 0 7.15776 -627.898
0 -394.731 0 8.1086 -247.839 0 0 0 7.18756 -627.274
0 -389.131 0 7.91496 -250.516 0 0 0 8.39807 -623.334
0 -399.478 0 8.26771 -249.943 0 0 0 8.93955 -632.214
0 -394.016 0 7.83777 -249.636 0 0 0 8.38677 -627.427
0 -392.66 0 5.61379 -249.614 0 0 0 7.54956 -629.111
0 -400.137 0 7.50359 -250.35 0 0 0 8.62097 -634.362
0 -397.48 0 8.84586 -249.302 0 0 0 6.80396 -631.133
0 -398.311 0 9.94855 -247.671 0 0 0 7.59377 -628.44
0 -398.689 0 7.95768 -248.669 0 0 0 8.35264 -631.047
0 -400.822 0 7.16624 -247.124 0 0 0 7.42118 -633.358
0 -395.246 0 6.84197 -248.478 0 0 0 8.47115 -628.411
0 -400.714 0 7.13913 -248.1 0 0 0 7.6063 -634.069
0 -398.347 0 7.31137 -247.155 0 0 0 7.05511 -631.136
0 -392.938 0 7.15553 -248.919 0 0 0 6.65656 -628.045
0 -395.258 0 6.72451 -249.474 0 0 0 6.19946 -631.808
0 -398.853 0 7.43742 -248.29 0 0 0 5.96112 -633.745
0 -402.511 0 7.87035 -248.476 0 0 0 5.96358 -637.153
0 -395.757 0 8.45481 -247.557 0 0 0 5.87582 -628.983
0 -390.468 0 9.72804 -251.636 0 0 0 7.10979 -625.266
0 -386.695 0 7.24987 -251.172 0 0 0 7.43384 -623.183
0 -388.734 0 7.26114 -251.133 0 0 0 9.56203 -623.044
0 -393.514 0 6.21992 -243.618 0 0 0 6.53165 -624.38
0 -399.057 0 6.28828 -242.325 0 0 0 8.02515 -627.068
0 -400.833 0 7.03438 -248.358 0 0 0 9.70738 -632.45
0 -396.537 0 6.64205 -249.099 0 0 0 8.17753 -630.817
0 -392.255 0 6.72994 -248.382 0 0 0 9.5715 -624.336
0 -394.622 0 6.7012 -244.195 0 0 0 6.35767 -625.757
0 -392.849 0 6.66384 -245.223 0 0 0 6.9254 -624.483
0 -383.182 0 5.80203 -247.621 0 0 0 8.8484 -616.153
0 -389.663 0 7.08768 -248.097 0 0 0 8.96412 -621.708
0 -395.063 0 7.01844 -247.345 0 0 0 8.85194 -626.538
0 -394.055 0 6.72664 -251.001 0 0 0 8.37777 -629.952
0 -397.744 0 7.7638 -252.035 0 0 0 8.62406 -633.391
0 -393.817 0 6.08066 -250.1 0 0 0 8.87491 -628.961
0 -396.654 0 8.26607 -249.325 0 0 0 9.21495 -628.498
0 -393.336 0 7.79772 -250.213 0 0 0 10.4981 -625.253
0 -393.045 0 6.50735 -247.798 0 0 0 9.36727 -624.969
0 -392.41 0 6.20195 -245.251 0 0 0 8.13328 -623.325
0 -389.967 0 7.3104 -243.364 0 0 0 8.35426 -617.666
0 -391.215 0 5.62283 -244.803 0 0 0 6.83103 -623.565
0 -388.945 0 6.66057 -245.395 0 0 0 6.75075 -620.929
0 -396.386 0 7.29011 -247.272 0 0 0 8.1181 -628.25
0 -397.359 0 6.7804 -246.801 0 0 0 6.47403 -630.906
0 -394.593 0 8.08701 -248.602 0 0 0 5.48674 -629.621
0 -402.405 0 7.13901 -249.583 0 0 0 8.26722 -636.583
0 -396.774 0 7.7642 -246.37 0 0 0 7.3218 -628.058
0 -403.037 0 7.7085 -246.674 0 0 0 6.73542 -635.268
0 -401.337 0 7.77173 -246.572 0 0 0 5.98719 -634.15
0 -401.596 0 7.5831 -247.447 0 0 0 6.88354 -634.576
0 -402.364 0 7.90428 -248.994 0 0 0 7.86033 -635.593
0 -400.381 0 8.1965 -248.024 0 0 0 7.39807 -632.811
0 -398.215 0 8.2885 -249.695 0 0 0 7.80619 -631.815
0 -398.834 0 7.47138 -252.307 0 0 0 8.44321 -635.227
0 -398.351 0 10.6233 -247.599 0 0 0 6.28544 -629.041
0 -398.331 0 9.10978 -249.934 0 0 0 9.30709 -629.848
0 -400.248 0 8.74829 -247.192 0 0 0 8.71565 -629.976
0 -403.138 0 6.85612 -249.477 0 0 0 7.72858 -638.03
0 -399.914 0 8.04693 -254.009 0 0 0 7.77225 -638.104
0 -401.628 0 6.89231 -250.425 0 0 0 6.58907 -638.572
0 -403.808 0 8.25741 -251.401 0 0 0 8.08142 -638.87
0 -393.28 0 6.57055 -248.393 0 0 0 8.68856 -626.413
0 -396.203 0 7.13538 -251.808 0 0 0 8.51213 -632.363
0 -391.024 0 6.62881 -250.884 0 0 0 7.03897 -628.24
0 -392.308 0 7.50502 -250.852 0 0 0 9.17063 -626.485
0 -393.436 0 6.69181 -248.846 0 0 0 8.1026 -627.488
0 -392.64 0 5.81556 -247.141 0 0 0 7.48041 -626.484
0 -397.81 0 6.93662 -250.142 0 0 0 7.04508 -633.97
0 -399.193 0 5.36828 -251.068 0 0 0 9.12 -635.773
0 -399.208 0 6.76731 -246.349 0 0 0 8.82172 -629.968
0 -402.882 0 7.358 -248.447 0 0 0 6.37725 -637.594
0 -401.693 0 6.70904 -248.821 0 0 0 7.24096 -636.564
0 -400.813 0 6.1657 -249.035 0 0 0 7.99679 -635.685
0 -393.02 0 6.21591 -249.528 0 0 0 11.2077 -625.124
0 -399.265 0 7.01948 -249.71 0 0 0 11.0359 -630.92
0 -397.062 0 7.36104 -248.936 0 0 0 10.9813 -627.656
0 -399.915 0 7.48747 -248.521 0 0 0 8.7831 -632.165
0 -398.701 0 7.09768 -244.718 0 0 0 8.86677 -627.454
0 -401.148 0 8.53778 -248.407 0 0 0 9.84899 -631.169
0 -402.749 0 10.0454 -247.593 0 0 0 8.58165 -631.715
0 -407.914 0 8.65564 -247.972 0 0 0 6.76756 -640.463
0 -398.664 0 10.0096 -249.735 0 0 0 7.94615 -630.443
0 -402.434 0 8.57757 -251.038 0 0 0 7.40518 -637.49
0 -402.42 0 8.00954 -251.801 0 0 0 6.38088 -639.831
0 -401.873 0 7.48337 -249.673 0 0 0 6.70741 -637.355
0 -403.36 0 9.08156 -248.719 0 0 0 6.04947 -636.948
0 -400.638 0 9.67662 -249.67 0 0 0 6.83298 -633.798
0 -398.843 0 7.7749 -251.877 0 0 0 10.2122 -632.733
0 -402.256 0 9.61374 -250.33 0 0 0 9.93376 -633.039
0 -401.35 0 11.9218 -250.201 0 0 0 8.15382 -631.475
0 -402.146 0 8.4298 -250.053 0 0 0 9.02605 -634.744
0 -399.116 0 8.04646 -249.705 0 0 0 5.80724 -634.967
0 -400.297 0 7.37038 -247.378 0 0 0 6.67345 -633.631
0 -395.777 0 6.83261 -246.045 0 0 0 6.58865 -628.401
0 -394.432 0 10.07 -245.788 0 0 0 7.33991 -622.81
0 -398.565 0 8.73146 -246.014 0 0 0 6.98013 -628.868
0 -400.849 0 8.39007 -246.99 0 0 0 9.07377 -630.375
0 -402.977 0 7.86339 -246.217 0 0 0 5.9525 -635.378
0 -399.723 0 6.88295 -244.577 0 0 0 7.06029 -630.357
0 -397.863 0 8.61275 -244.191 0 0 0 8.731 -624.71
0 -401.326 0 8.5783 -245.265 0 0 0 6.68648 -631.326
0 -402.631 0 11.802 -244.879 0 0 0 6.03303 -629.676
0 -397.836 0 9.85435 -246.629 0 0 0 6.25083 -628.359
0 -394.076 0 8.01169 -243.906 0 0 0 5.29698 -624.673
0 -397.026 0 7.0916 -244.92 0 0 0 6.50654 -628.347
0 -397.539 0 7.40713 -246.079 0 0 0 5.01037 -631.2
0 -389.471 0 7.7411 -250.14 0 0 0 6.64694 -625.223
0 -397.903 0 8.14911 -249.954 0 0 0 6.73202 -632.976
0 -397.715 0 8.67629 -247.467 0 0 0 6.56167 -629.944
0 -397.38 0 7.57922 -248.938 0 0 0 6.94576 -631.793
0 -401.723 0 7.85202 -247.722 0 0 0 6.82807 -634.765
0 -395.707 0 7.57568 -244.442 0 0 0 6.0609 -626.512
0 -393.335 0 6.18519 -243.25 0 0 0 7.77033 -622.629
0 -393.38 0 6.89991 -241.258 0 0 0 6.98134 -620.757
0 -395.098 0 7.32536 -240.466 0 0 0 6.16235 -622.077
0 -395.809 0 8.72124 -240.103 0 0 0 6.65373 -620.537
0 -400.509 0 6.60314 -246.529 0 0 0 6.57198 -633.863
0 -395.982 0 5.97036 -246.132 0 0 0 7.18724 -628.957
0 -401.099 0 6.55257 -244.003 0 0 0 7.66697 -630.882
0 -400.617 0 6.98389 -244.474 0 0 0 9.6024 -628.504
0 -395.363 0 6.48347 -247.06 0 0 0 9.03842 -626.902
0 -396.804 0 6.82485 -246.064 0 0 0 10.0594 -625.984
0 -397.164 0 6.68632 -248.09 0 0 0 7.29718 -631.27
0 -396.082 0 7.10445 -246.79 0 0 0 7.23908 -628.529
0 -399.065 0 6.82763 -248.607 0 0 0 7.62369 -633.22
0 -395.848 0 6.11731 -249.455 0 0 0 7.76087 -631.425
0 -396.857 0 5.89353 -249.092 0 0 0 10.2464 -629.81
0 -399.11 0 5.97858 -245.1 0 0 0 9.09631 -629.135
0 -399.245 0 7.26138 -247.883 0 0 0 9.54324 -630.323
0 -400.927 0 7.34365 -252.98 0 0 0 7.16249 -639.401
0 -401.505 0 7.09195 -253.078 0 0 0 7.49912 -639.992
0 -394.595 0 6.84639 -249.04 0 0 0 8.24585 -628.543
0 -399.538 0 6.89126 -250.938 0 0 0 9.04893 -634.537
0 -398.274 0 6.51818 -250.513 0 0 0 9.62186 -632.646
0 -401.544 0 8.42034 -246.858 0 0 0 8.19707 -631.784
0 -399.268 0 5.59953 -242.911 0 0 0 7.92832 -628.65
0 -403.078 0 8.42652 -245.591 0 0 0 8.85667 -631.386
0 -399.282 0 5.418 -243.85 0 0 0 9.51112 -628.202
0 -402.007 0 7.20428 -247.794 0 0 0 9.76898 -632.828
0 -397.806 0 7.05454 -244.91 0 0 0 9.24596 -626.416
0 -400.828 0 7.17099 -251.372 0 0 0 10.7369 -634.292
0 -406.296 0 7.8299 -250.678 0 0 0 8.65156 -640.493
0 -399.238 0 7.6138 -252.452 0 0 0 9.56378 -634.511
0 -393.821 0 7.32385 -250.716 0 0 0 9.49363 -627.719
0 -399.274 0 6.85966 -249.584 0 0 0 8.02241 -633.976
0 -398.199 0 6.58659 -251.906 0 0 0 8.6744 -634.844
0 -399.235 0 7.27919 -250.546 0 0 0 5.82566 -636.677
0 -397.315 0 7.94387 -246.71 0 0 0 4.95334 -631.128
0 -399.276 0 9.15145 -245.333 0 0 0 5.55435 -629.903
0 -396.943 0 8.04969 -243.189 0 0 0 6.31504 -625.767
0 -395.877 0 8.70867 -243.852 0 0 0 6.8593 -624.161
0 -395.632 0 8.11441 -249.641 0 0 0 7.24874 -629.91
0 -403.084 0 8.80209 -250.284 0 0 0 6.76406 -637.802
0 -398.731 0 7.24901 -247.543 0 0 0 8.07196 -630.953
0 -397.04 0 8.69193 -245.392 0 0 0 8.32205 -625.418
0 -398.02 0 6.76485 -244.849 0 0 0 10.0851 -626.02
0 -398.196 0 8.00397 -249.39 0 0 0 8.7089 -630.873
0 -404.178 0 7.14061 -247.424 0 0 0 6.61279 -637.849
0 -401.588 0 8.61908 -246.73 0 0 0 6.95877 -632.739
0 -403.663 0 8.75582 -250.264 0 0 0 9.16972 -636.002
0 -401.465 0 7.94869 -249.883 0 0 0 10.399 -633.001
0 -400.552 0 6.28112 -245.95 0 0 0 8.95454 -631.266
0 -397.682 0 5.55783 -247.039 0 0 0 6.37437 -632.789
0 -394.562 0 7.75437 -247.238 0 0 0 6.75293 -627.293
0 -399.079 0 7.96006 -248.966 0 0 0 7.92016 -632.165
0 -397.093 0 9.85024 -251.114 0 0 0 9.12678 -629.23
0 -404.075 0 6.71732 -249.939 0 0 0 9.68689 -637.61
0 -399.722 0 6.56435 -251.801 0 0 0 10.6151 -634.344
0 -401.213 0 6.79158 -249.923 0 0 0 8.48173 -635.863
0 -402.047 0 7.79146 -246.92 0 0 0 8.56093 -632.614
0 -398.981 0 7.3235 -246.239 0 0 0 10.3243 -627.572
0 -399.448 0 7.78592 -249.842 0 0 0 10.3188 -631.185
0 -395.711 0 7.8619 -245.505 0 0 0 9.97465 -623.379
0 -397.021 0 8.27407 -249.08 0 0 0 8.83024 -628.996
0 -395.934 0 8.06319 -248.664 0 0 0 8.21097 -628.324
0 -397.746 0 8.61001 -249.914 0 0 0 6.98139 -632.069
0 -399.683 0 8.50814 -247.984 0 0 0 7.37038 -631.788
0 -396.888 0 8.82694 -250.163 0 0 0 6.72737 -631.496
0 -399.591 0 7.07051 -251.94 0 0 0 8.19809 -636.262
0 -396.959 0 7.76797 -251.762 0 0 0 7.37545 -633.578
0 -397.146 0 8.39533 -250.771 0 0 0 7.81284 -631.709
0 -400.969 0 7.68789 -248.089 0 0 0 8.74849 -632.621
0 -398.992 0 6.56419 -245.382 0 0 0 7.35203 -630.458
0 -398.103 0 8.024 -244.648 0 0 0 6.13314 -628.594
0 -393.492 0 5.64069 -242.599 0 0 0 5.92648 -624.524
0 -391.906 0 7.33222 -240.954 0 0 0 6.76041 -618.768
0 -396.242 0 8.08748 -240.504 0 0 0 6.36244 -622.296
0 -400.816 0 7.70508 -246.043 0 0 0 6.33345 -632.821
0 -402.561 0 8.86823 -246.623 0 0 0 6.54191 -633.774
0 -404.902 0 6.84738 -248.698 0 0 0 7.41086 -639.342
0 -396.643 0 7.96338 -251.066 0 0 0 9.36086 -630.385
0 -398.438 0 6.78326 -248.449 0 0 0 8.24201 -631.861
0 -401.085 0 7.62654 -250.258 0 0 0 6.84813 -636.868
0 -400.778 0 8.1823 -250.815 0 0 0 7.40101 -636.01
0 -396.405 0 8.47816 -250.096 0 0 0 7.81568 -630.207
0 -394.751 0 7.45005 -250.035 0 0 0 7.91329 -629.423
0 -399.804 0 9.08385 -251.44 0 0 0 9.06378 -633.097
0 -401.638 0 7.64117 -254.179 0 0 0 9.94818 -638.227
0 -403.312 0 8.07303 -248.846 0 0 0 8.46318 -635.622
0 -400.625 0 6.5586 -246.972 0 0 0 10.8916 -630.147
0 -400.873 0 7.01038 -248.937 0 0 0 8.76672 -634.032
0 -398.991 0 7.4607 -249.197 0 0 0 9.56405 -631.164
0 -398.858 0 8.33056 -248.672 0 0 0 10.2288 -628.97
0 -397.74 0 8.75143 -252.134 0 0 0 8.69361 -632.428
0 -396.69 0 7.05535 -252.176 0 0 0 7.42279 -634.387
0 -401.404 0 8.85406 -252.718 0 0 0 8.84142 -636.427
0 -403.516 0 7.20966 -249.047 0 0 0 8.10112 -637.252
0 -402.188 0 9.05205 -248.313 0 0 0 7.0188 -634.429
0 -401.192 0 9.14367 -252.861 0 0 0 6.91751 -637.991
0 -396.026 0 8.83972 -248.668 0 0 0 7.16202 -628.692
0 -394.513 0 11.0129 -246.576 0 0 0 5.85269 -624.223
0 -397.524 0 11.0233 -243.819 0 0 0 6.59983 -623.72
0 -399.909 0 9.1095 -249.095 0 0 0 5.86277 -634.031
0 -399.336 0 10.4723 -248.555 0 0 0 8.96265 -628.456
0 -397.911 0 8.9465 -248.931 0 0 0 8.29157 -629.604
0 -397.089 0 6.6711 -253.787 0 0 0 9.47281 -634.733
0 -393.922 0 8.78942 -252.384 0 0 0 7.74681 -629.77
0 -397.611 0 9.25944 -247.233 0 0 0 6.72937 -628.855
0 -393.463 0 8.68343 -250.346 0 0 0 7.09452 -628.031
0 -394.878 0 8.39621 -250.701 0 0 0 6.00224 -631.181
0 -392.587 0 8.7913 -247.661 0 0 0 6.42363 -625.034
0 -394.778 0 8.50607 -250.529 0 0 0 7.32718 -629.473
0 -399.48 0 12.5955 -247.613 0 0 0 6.15633 -628.341
0 -400.252 0 11.1331 -248.188 0 0 0 6.9104 -630.396
0 -396.947 0 10.1709 -250.9 0 0 0 8.70511 -628.971
0 -398.355 0 7.79757 -251.502 0 0 0 9.4525 -632.607
0 -399.89 0 8.25565 -251.967 0 0 0 8.96146 -634.64
0 -400.659 0 7.2698 -248.654 0 0 0 9.11881 -632.924
0 -399.405 0 8.08717 -249.373 0 0 0 7.47836 -633.212
0 -403.067 0 7.25264 -250.833 0 0 0 9.09828 -637.549
0 -395.686 0 5.74722 -248.357 0 0 0 10.1208 -628.175
0 -391.918 0 5.42708 -249.772 0 0 0 8.14252 -628.121
0 -397.063 0 5.46253 -251.542 0 0 0 8.49468 -634.648
0 -398.465 0 6.40743 -249.187 0 0 0 7.15731 -634.087
0 -399.824 0 6.49344 -249.747 0 0 0 7.78315 -635.295
0 -401.538 0 7.29698 -247.712 0 0 0 8.11702 -633.836
0 -396.854 0 6.38098 -249.318 0 0 0 7.12261 -632.669
0 -397.371 0 7.27158 -251.314 0 0 0 6.6479 -634.765
0 -394.701 0 6.82453 -248.859 0 0 0 6.54196 -630.193
0 -398.634 0 7.82117 -249.861 0 0 0 6.4915 -634.182
0 -396.73 0 7.57918 -247.862 0 0 0 7.09612 -629.916
0 -392.544 0 7.09917 -248.69 0 0 0 6.30852 -627.826
0 -396.411 0 6.83933 -248.679 0 0 0 7.21661 -631.034
0 -396.437 0 6.41232 -246.162 0 0 0 7.15405 -629.033
0 -391.182 0 6.71011 -248.686 0 0 0 9.35527 -623.802
0 -390.853 0 7.95372 -249.026 0 0 0 8.35478 -623.571
0 -397.325 0 8.22999 -249.011 0 0 0 9.41877 -628.687
0 -390.481 0 6.74823 -249.04 0 0 0 9.73664 -623.037
0 -398.347 0 7.12316 -252.16 0 0 0 7.55606 -635.828
0 -397.345 0 6.98663 -251.159 0 0 0 6.89997 -634.618
0 -393.518 0 7.02761 -252.232 0 0 0 8.19826 -630.524
0 -396.39 0 8.32944 -248.392 0 0 0 7.19694 -629.256
0 -395.973 0 7.16944 -247.067 0 0 0 7.85838 -628.012
0 -397.266 0 6.3157 -248.787 0 0 0 6.50427 -633.233
0 -397.215 0 5.62794 -248.601 0 0 0 6.94027 -633.247
0 -392.694 0 5.71716 -249.223 0 0 0 7.74009 -628.459
0 -397.358 0 5.04186 -247.2 0 0 0 6.87996 -632.636
0 -396.397 0 5.85844 -249.385 0 0 0 6.54797 -633.375
0 -395.921 0 7.32786 -248.065 0 0 0 8.36975 -628.289
0 -394.946 0 6.09046 -246.243 0 0 0 7.64742 -627.451
0 -400.373 0 7.83401 -248.906 0 0 0 7.3711 -634.074
0 -398.418 0 6.38928 -247.008 0 0 0 7.88676 -631.15
0 -399.297 0 8.59893 -247.238 0 0 0 8.39919 -629.537
0 -399.355 0 7.33676 -247.132 0 0 0 9.63329 -629.516
0 -399.785 0 8.06716 -249.481 0 0 0 8.11963 -633.079
0 -402.207 0 7.14877 -251.584 0 0 0 7.34321 -639.299
0 -398.899 0 9.45428 -250.176 0 0 0 7.69771 -631.923
0 -397.252 0 7.97772 -249.954 0 0 0 6.8007 -632.427
0 -394.955 0 8.45985 -249.018 0 0 0 7.07331 -628.439
0 -398.1 0 8.54917 -247.406 0 0 0 6.4196 -630.538
0 -399.891 0 8.01107 -248.012 0 0 0 6.92897 -632.963
0 -397.341 0 6.97432 -247.329 0 0 0 6.68755 -631.008
0 -393.841 0 7.75574 -251.729 0 0 0 6.48044 -631.333
0 -397.886 0 8.5836 -250.612 0 0 0 6.5737 -633.341
0 -389.968 0 8.3205 -253.217 0 0 0 7.47207 -627.393
0 -396.246 0 9.80835 -251.101 0 0 0 7.29303 -630.246
0 -398.198 0 7.30956 -252.437 0 0 0 8.36077 -634.964
0 -394.602 0 8.29707 -251.616 0 0 0 8.58205 -629.339
0 -399.109 0 8.6418 -249.844 0 0 0 5.99283 -634.318
0 -396.264 0 9.2249 -248.449 0 0 0 5.73418 -629.754
0 -386.627 0 9.24505 -249.414 0 0 0 6.52605 -620.27
0 -393.746 0 7.13226 -250.442 0 0 0 6.20069 -630.855
0 -395.151 0 7.06995 -247.938 0 0 0 6.48836 -629.531
0 -395.6 0 6.02765 -252.747 0 0 0 6.87411 -635.445
0 -395.038 0 6.14524 -251.781 0 0 0 8.38379 -632.289
0 -395.545 0 7.24741 -251.557 0 0 0 6.83337 -633.021
0 -398.307 0 8.74208 -250.666 0 0 0 7.69209 -632.539
0 -403.135 0 7.22759 -251.548 0 0 0 8.22599 -639.23
0 -402.946 0 7.68311 -250.573 0 0 0 6.97756 -638.858
0 -401.247 0 7.15861 -245.045 0 0 0 6.33711 -632.796
0 -400.207 0 6.97696 -245.38 0 0 0 8.52615 -630.083
0 -394.865 0 5.72035 -249.664 0 0 0 7.68681 -631.122
0 -401.395 0 7.21664 -249.1 0 0 0 7.72986 -635.549
0 -398.607 0 7.37724 -248.299 0 0 0 8.65651 -630.872
0 -397.267 0 7.61116 -250.771 0 0 0 9.2248 -631.203
0 -399.391 0 7.35317 -250.607 0 0 0 8.53936 -634.105
0 -398.135 0 7.14638 -248.04 0 0 0 7.3039 -631.725
0 -398.255 0 6.99398 -248.372 0 0 0 7.36871 -632.264
0 -402.794 0 7.69173 -247.507 0 0 0 7.95206 -634.658
0 -400.48 0 8.25323 -249.077 0 0 0 7.25206 -634.052
0 -399.324 0 8.43522 -246.509 0 0 0 6.93432 -630.463
0 -393.161 0 6.20265 -245.564 0 0 0 7.82292 -624.7
0 -393.097 0 6.32808 -249.704 0 0 0 8.74642 -627.726
0 -384.817 0 5.2202 -246.844 0 0 0 8.8611 -617.58
0 -388.215 0 6.69033 -251.274 0 0 0 8.1006 -624.698
0 -387.726 0 7.24579 -249.826 0 0 0 8.25558 -622.05
0 -393.012 0 6.90582 -249.023 0 0 0 8.03842 -627.09
0 -399.723 0 9.06983 -246.838 0 0 0 7.05322 -630.438
0 -398.685 0 7.75406 -249.551 0 0 0 6.58916 -633.893
0 -394.093 0 5.62933 -248.612 0 0 0 6.85186 -630.224
0 -400.464 0 7.04845 -245.901 0 0 0 7.98206 -631.334
0 -397.303 0 6.60535 -247.644 0 0 0 9.09216 -629.249
0 -399.473 0 6.44534 -250.42 0 0 0 7.92281 -635.524
0 -402.701 0 7.76348 -247.818 0 0 0 8.36542 -634.39
0 -401.592 0 7.19265 -247.89 0 0 0 7.00984 -635.279
0 -401.358 0 7.20777 -246.868 0 0 0 7.57759 -633.44
0 -398.984 0 6.74707 -245.496 0 0 0 6.73547 -630.997
0 -402.474 0 9.60513 -248.266 0 0 0 7.39901 -633.736
0 -400.778 0 7.46176 -246.909 0 0 0 10.4269 -629.799
0 -397.877 0 10.1754 -251.825 0 0 0 7.19418 -632.332
0 -397.945 0 9.6918 -252.942 0 0 0 6.56395 -634.631
0 -393.515 0 7.7227 -251.55 0 0 0 7.28676 -630.055
0 -388.755 0 8.09399 -249.014 0 0 0 6.93689 -622.738
0 -398.118 0 14.815 -243.551 0 0 0 8.23489 -618.619
0 -387.164 0 9.99722 -246.775 0 0 0 8.31253 -615.628
0 -393.071 0 8.61482 -246.503 0 0 0 8.40972 -622.55
0 -391.749 0 7.6821 -242.76 0 0 0 7.21226 -619.615
0 -398.903 0 8.84103 -245.043 0 0 0 8.34617 -626.759
0 -400.714 0 7.0887 -248.592 0 0 0 8.71779 -633.499
0 -399.678 0 7.07163 -250.746 0 0 0 7.1854 -636.167
0 -396.636 0 7.27784 -249.819 0 0 0 6.05251 -633.125
0 -391.723 0 6.8618 -248.176 0 0 0 5.96225 -627.075
0 -397.317 0 7.906 -247 0 0 0 5.77684 -630.633
0 -403.722 0 8.13691 -248.278 0 0 0 7.55422 -636.309
0 -394.096 0 7.63565 -250.373 0 0 0 6.86246 -629.971
0 -394.081 0 6.58928 -251.169 0 0 0 9.81738 -628.843
0 -389.57 0 7.63588 -247.856 0 0 0 7.10257 -622.687
0 -392.014 0 8.23668 -246.874 0 0 0 7.74522 -622.907
0 -395.488 0 9.19254 -247.694 0 0 0 6.8773 -627.112
0 -395.66 0 8.2972 -244.782 0 0 0 8.36445 -623.781
0 -389.61 0 8.66453 -245.084 0 0 0 9.77413 -616.255
0 -393.367 0 7.73177 -245.226 0 0 0 9.27161 -621.589
0 -399.093 0 9.22396 -246.872 0 0 0 8.74425 -627.997
0 -402.953 0 7.01371 -250.514 0 0 0 8.30514 -638.148
0 -400.614 0 6.11808 -248.85 0 0 0 7.79304 -635.553
0 -396.468 0 5.96122 -245.955 0 0 0 8.37133 -628.091
0 -400.184 0 6.66814 -247.696 0 0 0 7.45077 -633.761
0 -398.455 0 6.13719 -247.735 0 0 0 7.1616 -632.891
0 -396.609 0 6.15892 -248.466 0 0 0 7.98042 -630.936
0 -396.577 0 8.10274 -245.248 0 0 0 10.7209 -623.001
0 -399.888 0 6.34246 -247.668 0 0 0 10.7403 -630.473
0 -403.798 0 7.34665 -245.23 0 0 0 9.44649 -632.234
0 -402.684 0 8.17637 -242.957 0 0 0 7.59147 -629.873
0 -401.12 0 7.35794 -251.235 0 0 0 6.67347 -638.323
0 -399.673 0 8.53801 -251.963 0 0 0 6.46233 -636.635
0 -397.621 0 9.20948 -251.323 0 0 0 6.82983 -632.905
0 -398.153 0 7.85374 -252.469 0 0 0 7.4751 -635.293
0 -396.28 0 7.0567 -250.293 0 0 0 9.27896 -630.238
0 -402.258 0 6.8273 -248.223 0 0 0 10.54 -633.114
0 -402.34 0 8.02073 -250.079 0 0 0 8.56883 -635.83
0 -397.514 0 9.1457 -250.401 0 0 0 10.8485 -627.921
0 -403.128 0 6.42386 -250.923 0 0 0 9.42061 -638.206
0 -402.392 0 6.87269 -251.608 0 0 0 8.70649 -638.421
0 -397.443 0 5.92004 -250.97 0 0 0 7.31204 -635.182
0 -397.269 0 6.64826 -249.808 0 0 0 7.14462 -633.285
0 -394.325 0 8.06822 -250.841 0 0 0 5.34902 -631.749
0 -397.311 0 10.1757 -251.709 0 0 0 5.93163 -632.913
0 -393.715 0 7.8006 -251.073 0 0 0 6.46259 -630.525
0 -397.66 0 7.94068 -248.323 0 0 0 6.95419 -631.088
0 -395.918 0 6.42024 -247.583 0 0 0 6.69833 -630.383
0 -395.385 0 7.62651 -245.262 0 0 0 5.55095 -627.469
0 -393.502 0 8.24413 -247.273 0 0 0 5.00238 -627.529
0 -393.028 0 8.56792 -246.551 0 0 0 5.99103 -625.02
0 -393.198 0 8.51718 -248.951 0 0 0 7.16236 -626.469
0 -394.891 0 7.97588 -250.022 0 0 0 7.02952 -629.908
0 -401.451 0 7.36604 -250.165 0 0 0 6.91086 -637.339
0 -397.198 0 8.08001 -250.226 0 0 0 7.61242 -631.731
0 -393.239 0 7.27012 -249.609 0 0 0 6.63878 -628.94
0 -393.493 0 8.73548 -250.549 0 0 0 7.53664 -627.77
0 -396.278 0 7.32893 -249.094 0 0 0 9.08657 -628.956
0 -395.85 0 7.66929 -249.494 0 0 0 7.86072 -629.815
0 -401.487 0 5.53843 -249.538 0 0 0 10.4654 -635.021
0 -402.739 0 7.62275 -247.49 0 0 0 9.1716 -633.435
0 -400.138 0 5.43548 -247.467 0 0 0 9.36561 -632.803
0 -398.925 0 5.40379 -249.388 0 0 0 10.0109 -632.898
0 -401.103 0 6.46609 -249.29 0 0 0 8.67032 -635.256
0 -398.92 0 7.62897 -249.557 0 0 0 7.14093 -633.708
0 -395.672 0 6.50414 -251.531 0 0 0 6.45007 -634.249
0 -393.499 0 9.56514 -252.536 0 0 0 6.25923 -630.21
0 -396.55 0 10.4718 -252.793 0 0 0 6.63874 -632.232
0 -399.827 0 7.25618 -253.449 0 0 0 6.68377 -639.335
0 -396.45 0 7.83804 -255.258 0 0 0 6.56667 -637.304
0 -399.642 0 5.42983 -251.315 0 0 0 6.89653 -638.631
0 -395.99 0 6.27276 -251.312 0 0 0 8.54981 -632.479
0 -401.283 0 7.24197 -246.855 0 0 0 8.73633 -632.16
0 -399.885 0 8.04098 -245.77 0 0 0 8.0436 -629.571
0 -401.012 0 7.19011 -248.521 0 0 0 7.02716 -635.316
0 -402.424 0 8.01345 -252.583 0 0 0 5.94102 -641.052
0 -397.598 0 7.23937 -251.337 0 0 0 6.87885 -634.817
0 -393.141 0 6.91196 -250.826 0 0 0 6.68267 -630.373
0 -398.398 0 6.44623 -252.174 0 0 0 7.47415 -636.652
0 -396.571 0 6.8598 -252.647 0 0 0 8.9026 -633.455
0 -402.103 0 6.78773 -250.823 0 0 0 7.55576 -638.582
0 -405.393 0 7.46533 -249.305 0 0 0 9.28667 -637.946
0 -400.95 0 8.37209 -249.603 0 0 0 9.08526 -633.096
0 -398.05 0 8.88301 -247.054 0 0 0 7.67568 -628.545
0 -401.761 0 7.04713 -250.304 0 0 0 10.9418 -634.076
0 -402.482 0 7.64218 -248.831 0 0 0 7.20801 -636.463
0 -404.903 0 7.55128 -249.118 0 0 0 7.54119 -638.929
0 -398.805 0 9.68876 -250.469 0 0 0 8.02654 -631.558
0 -400.027 0 9.11823 -249.529 0 0 0 7.96427 -632.474
0 -401.565 0 7.93681 -250.073 0 0 0 6.84789 -636.854
0 -401.865 0 7.59098 -250.942 0 0 0 5.82867 -639.387
0 -398.045 0 9.23026 -250.697 0 0 0 5.73084 -633.78
0 -399.207 0 7.491 -251.971 0 0 0 5.67873 -638.009
0 -396.749 0 6.93426 -253.46 0 0 0 6.6692 -636.606
0 -397.672 0 7.19536 -252.867 0 0 0 7.94367 -635.4
0 -393.728 0 6.74772 -250.286 0 0 0 9.02546 -628.241
0 -396.231 0 6.67985 -247.03 0 0 0 10.752 -625.829
0 -399.946 0 9.38121 -249.008 0 0 0 9.70138 -629.871
0 -397.691 0 7.93564 -246.635 0 0 0 12.3062 -624.084
0 -391.197 0 6.73163 -249.709 0 0 0 10.5527 -623.622
0 -395.082 0 6.63486 -247.19 0 0 0 10.5961 -625.041
0 -396.095 0 6.66025 -245.509 0 0 0 11.1612 -623.783
0 -389.72 0 7.1006 -245.876 0 0 0 8.59929 -619.896
0 -396.812 0 6.67376 -249.576 0 0 0 8.47665 -631.238
0 -400.547 0 7.42798 -250.1 0 0 0 8.73042 -634.488
0 -405.653 0 8.70196 -248.436 0 0 0 5.87342 -639.514
0 -399.859 0 8.03511 -248.842 0 0 0 5.37287 -635.293
0 -402.044 0 8.77203 -248.869 0 0 0 5.76086 -636.38
0 -399.101 0 6.13422 -251.623 0 0 0 6.16536 -638.425
0 -402.515 0 9.04906 -249.117 0 0 0 6.58371 -635.998
0 -402.365 0 9.44537 -246.858 0 0 0 5.38953 -634.388
0 -404.876 0 9.05375 -249.221 0 0 0 6.0336 -639.01
0 -406.975 0 8.0782 -246.962 0 0 0 6.99607 -638.863
0 -402.888 0 8.01389 -251.192 0 0 0 8.18778 -637.879
0 -398.872 0 6.40996 -249.173 0 0 0 9.00811 -632.627
0 -397.611 0 7.36036 -253.19 0 0 0 6.43984 -637.001
0 -397.892 0 7.58664 -250.186 0 0 0 6.27548 -634.215
0 -394.47 0 6.65213 -249.225 0 0 0 5.97329 -631.069
0 -398.248 0 9.83731 -250.092 0 0 0 6.84988 -631.653
0 -396.138 0 7.73104 -246.538 0 0 0 6.44899 -628.497
0 -399.62 0 8.84753 -245.904 0 0 0 6.68883 -629.989
0 -396.603 0 6.90287 -245.883 0 0 0 6.59261 -628.99
0 -396.48 0 9.41782 -245.517 0 0 0 6.50986 -626.069
0 -395.314 0 8.10712 -246.888 0 0 0 6.74974 -627.345
0 -393.932 0 5.45982 -247.237 0 0 0 7.36181 -628.347
0 -395.04 0 8.75818 -248.135 0 0 0 7.92165 -626.495
0 -394.742 0 5.60618 -250.157 0 0 0 9.0553 -630.237
0 -395.011 0 6.06265 -250.347 0 0 0 7.08447 -632.211
0 -392.025 0 7.00099 -249.015 0 0 0 6.54637 -627.492
0 -395.296 0 6.94405 -247.666 0 0 0 7.02252 -628.995
0 -396.005 0 6.25212 -250.935 0 0 0 6.85103 -633.837
0 -400.906 0 6.9024 -251.957 0 0 0 7.86245 -638.099
0 -397.078 0 6.942 -252.208 0 0 0 5.76126 -636.583
0 -402.511 0 6.11011 -250.482 0 0 0 6.10608 -640.777
0 -402.845 0 7.65807 -249.362 0 0 0 6.60906 -637.94
0 -402.414 0 7.37629 -246.472 0 0 0 6.61499 -634.895
0 -401.867 0 6.66479 -247.05 0 0 0 6.22593 -636.026
0 -400.213 0 6.78537 -248.215 0 0 0 7.41799 -634.224
0 -402.715 0 6.21249 -243.778 0 0 0 6.04291 -634.238
0 -394.513 0 6.59218 -250.978 0 0 0 9.28552 -629.613
0 -398.392 0 7.11395 -250.268 0 0 0 6.70618 -634.84
0 -393.305 0 7.37878 -249.766 0 0 0 6.66972 -629.022
0 -393.361 0 8.21131 -250.583 0 0 0 6.29041 -629.442
0 -398.291 0 8.49697 -253.205 0 0 0 7.36455 -635.634
0 -397.684 0 9.80597 -253.195 0 0 0 6.68707 -634.386
0 -399.605 0 7.26145 -246.06 0 0 0 7.83809 -630.566
0 -395.231 0 7.12941 -251.322 0 0 0 8.42705 -630.996
0 -398.548 0 9.46668 -247.721 0 0 0 7.14189 -629.661
0 -405.934 0 7.82776 -249.837 0 0 0 6.44063 -641.503
0 -400.611 0 6.96016 -249.839 0 0 0 7.34665 -636.143
0 -402.277 0 8.50507 -247.569 0 0 0 7.72501 -633.616
0 -403.08 0 12.6864 -245.519 0 0 0 7.16804 -628.745
0 -406.921 0 9.52473 -243.523 0 0 0 6.35791 -634.561
0 -407.047 0 8.15567 -244.237 0 0 0 5.03353 -638.094
0 -403.918 0 9.01452 -242.073 0 0 0 7.34096 -629.636
0 -400.846 0 7.13683 -244.462 0 0 0 7.28829 -630.883
0 -402.51 0 6.5382 -247.437 0 0 0 6.8569 -636.551
0 -401.872 0 6.31964 -247.395 0 0 0 6.71334 -636.234
0 -401.42 0 6.83196 -248.271 0 0 0 7.83193 -635.027
0 -404.179 0 7.20142 -247.075 0 0 0 7.97029 -636.082
0 -398.556 0 7.55473 -245.98 0 0 0 9.17728 -627.803
0 -395.462 0 8.76971 -248.698 0 0 0 8.4895 -626.9
0 -400.126 0 9.59519 -249.551 0 0 0 7.73899 -632.343
0 -395.189 0 9.17235 -248.358 0 0 0 8.78857 -625.586
0 -398.063 0 7.90735 -249.266 0 0 0 6.90636 -632.514
0 -398.939 0 8.63481 -251.022 0 0 0 7.11365 -634.213
0 -401.777 0 8.17361 -250.9 0 0 0 8.37545 -636.128
0 -397.709 0 6.74947 -250.788 0 0 0 8.07488 -633.673
0 -401.041 0 8.77024 -252.02 0 0 0 7.22703 -637.064
0 -402.308 0 8.79883 -251.909 0 0 0 7.89022 -637.528
0 -395.673 0 9.25211 -250.485 0 0 0 9.12113 -627.784
0 -394.632 0 9.08194 -250.261 0 0 0 9.79412 -626.017
0 -397.761 0 10.0281 -251.191 0 0 0 9.3421 -629.581
0 -398.134 0 7.84967 -253.021 0 0 0 9.31053 -633.995
0 -401.055 0 7.9157 -252.6 0 0 0 9.44823 -636.291
0 -400.679 0 8.52706 -250.66 0 0 0 10.3673 -632.445
0 -401.241 0 7.71957 -246.851 0 0 0 11.2242 -629.148
0 -399.738 0 7.27544 -249.338 0 0 0 9.99755 -631.803
0 -401.104 0 11.4953 -244.134 0 0 0 9.43988 -624.303
0 -401.198 0 10.4387 -247.339 0 0 0 8.8323 -629.266
0 -402.194 0 9.59656 -248.229 0 0 0 7.68488 -633.142
0 -398.27 0 7.58569 -252.579 0 0 0 9.35325 -633.909
0 -400.787 0 9.60967 -248.261 0 0 0 7.15548 -632.283
0 -396.801 0 7.46904 -246.483 0 0 0 6.53321 -629.282
0 -397.304 0 8.68467 -248.239 0 0 0 7.41703 -629.442
0 -402.23 0 7.69823 -245.065 0 0 0 7.88138 -631.716
0 -402.537 0 7.13913 -246.884 0 0 0 5.58873 -636.694
0 -398.638 0 8.00931 -248.613 0 0 0 7.02359 -632.218
0 -394.626 0 6.88048 -247.605 0 0 0 7.07134 -628.279
0 -397.109 0 6.30904 -250.56 0 0 0 6.9988 -634.361
0 -398.369 0 6.79421 -249.225 0 0 0 10.2663 -630.534
0 -391.203 0 7.32801 -248.515 0 0 0 9.51227 -622.878
0 -396.131 0 6.92867 -249.813 0 0 0 8.60258 -630.413
0 -399.816 0 7.0505 -248.525 0 0 0 5.86077 -635.43
0 -392.971 0 6.5388 -249.586 0 0 0 6.67438 -629.344
0 -397.49 0 5.82627 -248.317 0 0 0 6.02082 -633.959
0 -394.283 0 6.15825 -248.863 0 0 0 7.02702 -629.961
0 -398.032 0 7.58398 -250.472 0 0 0 6.30051 -634.619
0 -397.767 0 7.5014 -253.054 0 0 0 6.90494 -636.415
0 -397.993 0 6.6676 -251.359 0 0 0 6.56441 -636.12
0 -382.823 0 6.09998 -249.018 0 0 0 6.9228 -618.818
0 -386.762 0 5.7173 -247.75 0 0 0 6.00865 -622.786
0 -393.483 0 6.89207 -250.06 0 0 0 6.16438 -630.487
0 -388.96 0 5.74992 -249.523 0 0 0 7.47576 -625.257
0 -391.32 0 7.01279 -249.681 0 0 0 6.90535 -627.083
0 -387.431 0 7.72261 -247.255 0 0 0 6.52309 -620.44
0 -394.176 0 8.48745 -248.967 0 0 0 7.04028 -627.616
0 -396.92 0 8.73138 -248.417 0 0 0 5.86824 -630.737
0 -396.139 0 7.30513 -248.714 0 0 0 7.83258 -629.715
0 -393.356 0 7.75961 -247.953 0 0 0 7.94658 -625.604
0 -392.4 0 8.04699 -247.517 0 0 0 6.72012 -625.15
0 -399.46 0 7.15391 -248.023 0 0 0 8.08956 -632.24
0 -398.896 0 8.21057 -252.155 0 0 0 6.84021 -636.001
0 -393.792 0 7.31713 -252.163 0 0 0 7.28451 -631.353
0 -394.147 0 9.29461 -250.628 0 0 0 7.59437 -627.886
0 -395.021 0 9.2986 -245.569 0 0 0 7.60233 -623.689
0 -403.659 0 10.0261 -249.955 0 0 0 7.88309 -635.705
0 -401.214 0 8.5185 -250.957 0 0 0 7.37067 -636.282
0 -399.022 0 8.78359 -252.794 0 0 0 7.61256 -635.42
0 -398.109 0 7.87722 -248.085 0 0 0 7.21776 -631.099
0 -399.108 0 8.83522 -250.21 0 0 0 7.51078 -632.972
0 -396.697 0 8.28769 -250.022 0 0 0 8.35005 -630.082
0 -396.473 0 8.3043 -252.064 0 0 0 6.52618 -633.706
0 -401.522 0 8.82397 -251.31 0 0 0 8.5369 -635.471
0 -401.003 0 11.7526 -248.075 0 0 0 8.76432 -628.561
0 -400.519 0 9.59338 -248.641 0 0 0 8.87461 -630.692
0 -396.102 0 7.31486 -246.272 0 0 0 6.81877 -628.24
0 -401.816 0 8.24513 -247.908 0 0 0 6.48431 -634.995
0 -401.282 0 6.71505 -247.624 0 0 0 6.19682 -635.994
0 -400.318 0 7.11149 -246.051 0 0 0 6.83792 -632.42
0 -403.959 0 5.82073 -246.549 0 0 0 6.88112 -637.805
0 -396.89 0 8.21941 -251.381 0 0 0 6.78792 -633.263
0 -401.008 0 7.07827 -247.908 0 0 0 5.7687 -636.07
0 -396.685 0 7.65632 -247.984 0 0 0 6.5647 -630.448
0 -398.146 0 6.89538 -247.987 0 0 0 8.52722 -630.71
0 -401.526 0 6.52984 -249.507 0 0 0 7.1946 -637.308
0 -396.886 0 8.51204 -250.791 0 0 0 10.1742 -628.991
0 -397.729 0 8.04102 -249.789 0 0 0 8.42672 -631.05
0 -398.187 0 7.20958 -250.109 0 0 0 8.64807 -632.438
0 -395.974 0 6.47491 -252.71 0 0 0 7.25321 -634.956
0 -399.74 0 6.6868 -252.575 0 0 0 7.09214 -638.536
0 -396.063 0 6.83469 -251.787 0 0 0 6.60334 -634.412
0 -397.778 0 6.78072 -251.302 0 0 0 7.06593 -635.234
0 -398.805 0 8.8268 -249.47 0 0 0 6.34185 -633.107
0 -397.006 0 7.54323 -250.562 0 0 0 6.28502 -633.74
0 -400.337 0 8.90004 -250.242 0 0 0 6.16967 -635.51
0 -395.487 0 11.0064 -245.979 0 0 0 6.83529 -623.625
0 -395.742 0 7.90575 -248.98 0 0 0 6.9254 -629.891
0 -398.755 0 7.36099 -250.381 0 0 0 6.48615 -635.288
0 -398.496 0 7.80549 -252.351 0 0 0 8.1542 -634.887
0 -397.678 0 7.97699 -251.716 0 0 0 9.57479 -631.842
0 -398.363 0 11.601 -251.844 0 0 0 8.54955 -630.056
0 -401.693 0 8.88481 -251.083 0 0 0 7.87509 -636.016
0 -398.968 0 9.06432 -252.434 0 0 0 11.4345 -630.903
0 -396.689 0 8.23839 -252.397 0 0 0 11.1228 -629.725
0 -397.581 0 8.61602 -252.573 0 0 0 10.503 -631.034
0 -399.54 0 8.53644 -253.082 0 0 0 9.49837 -634.587
0 -398.204 0 8.11162 -253.003 0 0 0 12.6455 -630.451
0 -393.159 0 8.17001 -254.234 0 0 0 11.7916 -627.432
0 -393.48 0 8.50752 -250.23 0 0 0 12.3017 -622.902
0 -399.596 0 8.01029 -251.099 0 0 0 9.16349 -633.522
0 -396.624 0 7.02369 -250.356 0 0 0 9.89699 -630.06
0 -398.564 0 9.03979 -250.606 0 0 0 9.26756 -630.863
0 -400.591 0 6.99006 -252.491 0 0 0 8.67461 -637.417
0 -398.676 0 10.6692 -251.35 0 0 0 10.8008 -628.556
0 -401.881 0 7.91339 -251.997 0 0 0 10.9088 -635.056
0 -395.307 0 7.84771 -250.188 0 0 0 8.86891 -628.778
0 -396.363 0 7.84121 -247.415 0 0 0 11.619 -624.317
0 -402.697 0 8.01057 -245.945 0 0 0 11.938 -628.694
0 -401.771 0 7.49045 -249.134 0 0 0 10.1939 -633.22
0 -399.113 0 7.2662 -246.044 0 0 0 8.00007 -629.891
0 -398.72 0 5.92862 -245.371 0 0 0 7.95616 -630.206
0 -398.389 0 7.64364 -246.861 0 0 0 9.6347 -627.972
0 -399.385 0 6.25915 -245.435 0 0 0 7.83269 -630.728
0 -400.962 0 5.84395 -246.537 0 0 0 8.95664 -632.698
0 -402.495 0 9.22992 -248.403 0 0 0 8.93515 -632.733
0 -403.15 0 7.15907 -248.717 0 0 0 7.66619 -637.041
0 -398.525 0 6.25971 -247.493 0 0 0 6.17863 -633.58
0 -399.458 0 8.68467 -249.345 0 0 0 8.14486 -631.974
0 -394.599 0 8.44163 -250.689 0 0 0 8.77207 -628.074
0 -396.28 0 7.96198 -253.411 0 0 0 8.72277 -633.007
0 -395.484 0 7.52009 -253.12 0 0 0 7.36575 -633.718
0 -395.511 0 7.1099 -250.362 0 0 0 7.02271 -631.74
0 -400.181 0 8.06087 -249.968 0 0 0 6.48541 -635.603
0 -396.772 0 6.55062 -250.758 0 0 0 6.10541 -634.874
0 -397.388 0 6.53315 -251.564 0 0 0 6.29829 -636.121
0 -402.262 0 9.23542 -247.943 0 0 0 6.90236 -634.067
0 -403.074 0 7.6883 -250.257 0 0 0 6.00154 -639.641
0 -395.571 0 9.45255 -244.826 0 0 0 6.96484 -623.979
0 -400.347 0 8.76437 -247.74 0 0 0 6.98951 -632.334
0 -398.602 0 10.669 -248.758 0 0 0 7.39924 -629.292
0 -402.117 0 8.95042 -248.253 0 0 0 6.85458 -634.564
0 -405.257 0 7.89905 -248.168 0 0 0 9.56028 -635.966
0 -401.146 0 6.90959 -247.188 0 0 0 8.07551 -633.349
0 -401.451 0 6.80587 -249.113 0 0 0 8.96718 -634.791
0 -399.998 0 6.90377 -245.514 0 0 0 9.02147 -629.587
0 -399.346 0 7.05476 -244.955 0 0 0 7.21821 -630.028
0 -403.468 0 7.30901 -243.01 0 0 0 8.9258 -630.243
0 -397.535 0 6.36219 -243.79 0 0 0 10.6032 -624.359
0 -399.063 0 6.84222 -242.859 0 0 0 10.006 -625.073
0 -395.622 0 7.18195 -243.637 0 0 0 10.7011 -621.376
0 -392.949 0 7.11527 -247.845 0 0 0 9.25211 -624.427
0 -399.467 0 8.24617 -247.789 0 0 0 8.30079 -630.709
0 -396.762 0 7.56458 -250.742 0 0 0 8.0808 -631.859
0 -398.772 0 8.09286 -250.123 0 0 0 9.89627 -630.906
0 -400.041 0 7.10053 -246.084 0 0 0 8.43904 -630.586
0 -399.582 0 7.43266 -245.598 0 0 0 9.98481 -627.763
0 -396.812 0 7.81716 -249.253 0 0 0 8.90823 -629.339
0 -396.947 0 9.05825 -246.908 0 0 0 8.89356 -625.903
0 -393.803 0 7.2615 -249.4 0 0 0 7.66885 -628.272
0 -395.056 0 7.56379 -246.542 0 0 0 7.49556 -626.539
0 -394.783 0 6.78698 -243.091 0 0 0 6.80065 -624.286
0 -396.08 0 6.76696 -245.959 0 0 0 7.64242 -627.629
0 -396.957 0 7.47835 -248.087 0 0 0 11.3754 -626.19
0 -397.36 0 7.95477 -253.077 0 0 0 8.67642 -633.806
0 -398.027 0 7.29661 -250.697 0 0 0 7.88405 -633.543
0 -397.352 0 7.2859 -249.973 0 0 0 7.48014 -632.559
0 -396.758 0 7.69418 -251.073 0 0 0 10.2174 -629.92
0 -395.017 0 11.6618 -248.426 0 0 0 7.93362 -623.848
0 -396.212 0 9.70545 -247.013 0 0 0 7.31953 -626.2
0 -391.51 0 10.6051 -243.123 0 0 0 7.7023 -616.325
0 -396.743 0 9.91381 -248.554 0 0 0 6.98817 -628.394
0 -392.665 0 8.91188 -249.289 0 0 0 6.08198 -626.96
0 -396.634 0 8.83297 -250.764 0 0 0 6.2237 -632.341
0 -394.813 0 7.05785 -246.251 0 0 0 5.86622 -628.14
0 -390.258 0 6.9008 -245.204 0 0 0 5.8339 -622.728
0 -393.417 0 8.65304 -248.609 0 0 0 7.97094 -625.402
0 -398.298 0 8.43732 -243.61 0 0 0 7.39443 -626.076
0 -396.589 0 7.89856 -248.848 0 0 0 6.06646 -631.472
0 -394.509 0 10.9598 -249.737 0 0 0 7.66045 -625.626
0 -395.659 0 6.03711 -243.685 0 0 0 7.32636 -625.981
0 -399.719 0 5.92606 -243.751 0 0 0 7.59504 -629.95
0 -395.07 0 6.50084 -244.089 0 0 0 9.67326 -622.985
0 -398.139 0 7.89033 -246.543 0 0 0 9.23895 -627.553
0 -397.163 0 8.3185 -247.318 0 0 0 10.2817 -625.881
0 -396.459 0 6.32345 -244.069 0 0 0 8.69649 -625.508
0 -399.229 0 7.02844 -246.389 0 0 0 11.6363 -626.954
0 -399.22 0 8.48738 -244.48 0 0 0 10.5668 -624.646
0 -396.936 0 7.23261 -247.468 0 0 0 7.78719 -629.384
0 -397.488 0 8.3445 -247.709 0 0 0 7.74582 -629.107
0 -393.634 0 9.27038 -246.006 0 0 0 9.13263 -621.238
0 -389.051 0 8.95226 -244.813 0 0 0 8.67697 -616.235
0 -397.841 0 10.4134 -245.441 0 0 0 9.53341 -623.335
0 -394.377 0 8.86515 -247.293 0 0 0 9.45184 -623.353
0 -398.714 0 8.81758 -246.23 0 0 0 9.51034 -626.616
0 -399.389 0 7.14963 -247.83 0 0 0 6.49153 -633.578
0 -401.294 0 7.55515 -250.137 0 0 0 8.49822 -635.378
0 -394.451 0 8.31597 -248.854 0 0 0 8.35473 -626.635
0 -393.095 0 9.14214 -251.923 0 0 0 10.3909 -625.485
0 -398.951 0 7.98684 -249.322 0 0 0 13.3351 -626.951
0 -398.874 0 9.79116 -243.164 0 0 0 11.9864 -620.26
0 -400.161 0 10.1632 -246.164 0 0 0 10.8436 -625.319
0 -403.363 0 9.02711 -249.304 0 0 0 10.9128 -632.727
0 -405.533 0 7.82137 -248.648 0 0 0 12.1674 -634.192
0 -397.343 0 7.24344 -246.97 0 0 0 14.1242 -622.945
0 -396.034 0 6.93826 -249.424 0 0 0 11.914 -626.606
0 -399.168 0 9.43214 -246.616 0 0 0 10.4659 -625.886
0 -400.067 0 11.085 -250.365 0 0 0 8.59023 -630.757
0 -400.326 0 10.0159 -247.253 0 0 0 8.83212 -628.73
0 -393.076 0 7.63049 -245.425 0 0 0 7.97508 -622.896
0 -394.135 0 8.5547 -244.138 0 0 0 8.04707 -621.672
0 -396.096 0 7.34823 -246.643 0 0 0 7.23397 -628.157
0 -397.388 0 6.5501 -247.369 0 0 0 8.17936 -630.028
0 -396.724 0 6.61851 -247.588 0 0 0 8.42107 -629.273
0 -406.372 0 7.25394 -246.844 0 0 0 7.81979 -638.143
0 -402.773 0 7.34582 -252.209 0 0 0 10.009 -637.628
0 -397.891 0 6.80679 -245.853 0 0 0 8.90169 -628.036
0 -402.382 0 9.62818 -244.607 0 0 0 7.14375 -630.217
0 -404.054 0 9.68944 -245.969 0 0 0 9.67959 -630.654
0 -404.988 0 9.38127 -246.618 0 0 0 11.2254 -630.999
0 -403.491 0 6.88477 -247.184 0 0 0 10.5714 -633.219
0 -393.232 0 6.15376 -244.459 0 0 0 8.38253 -623.155
0 -394.453 0 5.84961 -247.087 0 0 0 9.97652 -625.714
0 -393.731 0 6.02424 -247.275 0 0 0 8.63809 -626.344
0 -398.212 0 6.29867 -248.115 0 0 0 7.88976 -632.139
0 -403.029 0 7.5425 -248.203 0 0 0 7.80963 -635.879
0 -398.235 0 7.77565 -248.987 0 0 0 7.45155 -631.995
0 -402.842 0 6.904 -249.604 0 0 0 7.80058 -637.741
0 -403.386 0 8.11459 -247.154 0 0 0 5.19581 -637.229
0 -399.685 0 8.89082 -248.016 0 0 0 7.50956 -631.301
0 -402.823 0 6.78082 -252.701 0 0 0 7.84267 -640.9
0 -397.929 0 6.28858 -248.755 0 0 0 6.37803 -634.017
0 -394.306 0 5.81097 -249.53 0 0 0 6.4433 -631.582
0 -397.747 0 6.35444 -249.524 0 0 0 6.97492 -633.941
0 -396.01 0 6.28741 -250.053 0 0 0 7.55367 -632.223
0 -397.232 0 7.01129 -251.231 0 0 0 8.8864 -632.566
0 -400.129 0 7.04863 -251.919 0 0 0 9.16563 -635.834
0 -397.334 0 7.39775 -253.859 0 0 0 12.3109 -631.485
0 -400.164 0 7.99764 -250.468 0 0 0 9.47164 -633.162
0 -398.951 0 8.86708 -252.463 0 0 0 10.2263 -632.321
0 -397.766 0 7.44711 -250.301 0 0 0 7.96601 -632.654
0 -395.254 0 6.52847 -245.345 0 0 0 6.29396 -627.776
0 -396.37 0 7.40752 -245.732 0 0 0 5.49035 -629.205
0 -400.833 0 7.31611 -250.93 0 0 0 6.15502 -638.291
0 -403.828 0 8.56153 -250 0 0 0 6.70304 -638.564
0 -399.564 0 9.25156 -250.865 0 0 0 8.01816 -633.159
0 -398.442 0 7.50597 -244.642 0 0 0 9.48981 -626.089
0 -395.978 0 7.7767 -244.602 0 0 0 8.43413 -624.369
0 -399.898 0 6.58304 -249.283 0 0 0 7.56866 -635.029
0 -399.814 0 7.29631 -250.855 0 0 0 6.97322 -636.4
0 -396.866 0 7.72812 -249.862 0 0 0 7.90175 -631.098
0 -395.048 0 8.8548 -248.214 0 0 0 8.61679 -625.79
0 -398.693 0 6.96432 -248.764 0 0 0 8.12585 -632.367
0 -396.854 0 5.57839 -248.791 0 0 0 7.45792 -632.609
0 -397.373 0 7.49513 -251.774 0 0 0 7.55609 -634.096
0 -399.769 0 7.17618 -248.509 0 0 0 7.58679 -633.514
0 -398.32 0 6.66316 -249.065 0 0 0 6.79672 -633.925
0 -400.322 0 7.96554 -245.402 0 0 0 6.28109 -631.477
0 -401.205 0 7.89173 -247.304 0 0 0 5.98783 -634.629
0 -391.831 0 8.25034 -246.973 0 0 0 6.47041 -624.083
0 -393.603 0 7.56788 -246.869 0 0 0 6.40219 -626.502
0 -394.557 0 7.8267 -246.872 0 0 0 6.78343 -626.819
0 -388.96 0 8.8112 -247.811 0 0 0 7.24936 -620.711
0 -394.599 0 9.10735 -248.56 0 0 0 7.00261 -627.049
0 -393.035 0 9.73822 -248.038 0 0 0 6.32084 -625.013
0 -392.708 0 7.20083 -249.535 0 0 0 8.45691 -626.585
0 -390.135 0 7.11932 -251.004 0 0 0 6.39221 -627.628
0 -394.928 0 8.41838 -245.39 0 0 0 5.5518 -626.348
0 -396.324 0 7.73604 -248.051 0 0 0.00256866 7.18815 -629.449
0 -399.286 0 6.7575 -248.113 0 0 0 7.88742 -632.754
0 -399.239 0 6.37742 -247.543 0 0 0 7.63914 -632.766
0 -399.194 0 6.53955 -249.354 0 0 0 7.31733 -634.691
0 -397.412 0 6.16274 -248.081 0 0 0 9.00331 -630.327
0 -399.44 0 6.64367 -249.605 0 0 0 8.89497 -633.506
0 -397.477 0 7.93525 -248.139 0 0 0 8.4365 -629.245
0 -389.866 0 6.59818 -249.049 0 0 0 8.35023 -623.967
0 -396.74 0 9.52159 -250.22 0 0 0 8.62819 -628.81
0 -400.069 0 8.25245 -251.06 0 0 0 9.78754 -633.09
0 -397.201 0 8.46775 -248.546 0 0 0 11.3126 -625.967
0 -391.675 0 4.81838 -247.793 0 0 0 10.3855 -624.264
0 -402.228 0 6.56005 -245.16 0 0 0 7.13292 -633.695
0 -400.015 0 7.68912 -246.5 0 0 0 5.94228 -632.883
0 -395.436 0 6.41969 -247.605 0 0 0 5.29369 -631.327
0 -402.994 0 6.48942 -246.233 0 0 0 5.17373 -637.564
0 -404.201 0 6.88479 -246.594 0 0 0 5.56418 -638.346
0 -399.163 0 6.33823 -251.854 0 0 0 7.95054 -636.728
0 -401.638 0 6.46572 -248.041 0 0 0 6.60763 -636.605
0 -400.72 0 6.5194 -249.696 0 0 0 7.67526 -636.221
0 -398.664 0 7.58299 -251.781 0 0 0 6.80697 -636.054
0 -390.374 0 7.70496 -251.23 0 0 0 9.63265 -624.266
0 -393.848 0 6.82695 -248.32 0 0 0 7.92089 -627.42
0 -395.39 0 6.47114 -247.174 0 0 0 6.89805 -629.195
0 -395.485 0 8.10302 -247.259 0 0 0 7.22825 -627.413
0 -393.851 0 7.26183 -253.296 0 0 0 7.22792 -632.657
0 -390.087 0 6.98956 -251.877 0 0 0 6.76005 -628.215
0 -392.336 0 8.70986 -252.844 0 0 0 7.12941 -629.341
0 -390.386 0 7.28862 -250.276 0 0 0 7.40582 -625.968
0 -399.95 0 8.04591 -248.662 0 0 0 8.41829 -632.148
0 -402.821 0 8.17046 -247.54 0 0 0 6.12487 -636.065
0 -399.397 0 6.79698 -246.044 0 0 0 5.25157 -633.393
0 -403.093 0 6.034 -249.223 0 0 0 6.61083 -639.671
0 -394.704 0 6.04801 -251.587 0 0 0 6.42183 -633.821
0 -394.476 0 8.32353 -246.72 0 0 0 5.4122 -627.461
0 -393.711 0 6.64057 -248.624 0 0 0 5.4129 -630.282
0 -390.807 0 8.03607 -250.961 0 0 0 6.15628 -627.576
0 -396.301 0 8.08867 -251.006 0 0 0 8.50948 -630.709
0 -400.47 0 7.85275 -251.602 0 0 0 7.02572 -637.193
0 -398.448 0 7.02825 -253.2 0 0 0 7.20589 -637.414
0 -394.999 0 6.1412 -251.391 0 0 0 6.7756 -633.473
0 -401.536 0 8.94142 -252.687 0 0 0 7.27353 -638.009
0 -398.238 0 8.53191 -251.434 0 0 0 7.76526 -633.375
0 -394.424 0 7.78609 -248.925 0 0 0 8.46233 -627.101
0 -398.795 0 7.89155 -249.922 0 0 0 7.59902 -633.227
0 -396.229 0 10.2742 -250.448 0 0 0 7.31447 -629.088
0 -396.951 0 7.57741 -250.201 0 0 0 7.47137 -632.103
0 -399.577 0 8.42605 -247.508 0 0 0 8.61896 -630.041
0 -396.818 0 7.80079 -251.203 0 0 0 5.42037 -634.8
0 -396.979 0 11.7431 -250.04 0 0 0 6.24633 -629.03
0 -400.26 0 7.83694 -251.949 0 0 0 5.90585 -638.467
0 -394.788 0 7.22401 -249.098 0 0 0 6.47004 -630.192
0 -394.649 0 6.61933 -252.045 0 0 0 7.81536 -632.259
0 -402.278 0 10.3914 -252.168 0 0 0 8.64506 -635.409
0 -395.224 0 9.51342 -246.653 0 0 0 7.77771 -624.586
0 -399.65 0 8.9352 -249.222 0 0 0 8.0661 -631.87
0 -401.303 0 8.43158 -251.662 0 0 0 7.84406 -636.689
0 -398.325 0 7.02182 -246.826 0 0 0 7.48861 -630.641
0 -397.153 0 7.3927 -247.97 0 0 0 7.91252 -629.818
0 -397.844 0 7.28896 -247.123 0 0 0 8.29215 -629.385
0 -396.808 0 6.34891 -245.831 0 0 0 8.97401 -627.315
0 -401.372 0 6.64676 -247.658 0 0 0 6.18343 -636.2
0 -398.098 0 7.83279 -247.439 0 0 0 5.79855 -631.905
0 -391.659 0 9.11869 -245.278 0 0 0 6.52942 -621.289
0 -398.514 0 8.01766 -247.24 0 0 0 6.32452 -631.412
0 -396.059 0 7.38799 -246.318 0 0 0 6.65212 -628.337
0 -389.749 0 6.94324 -246.131 0 0 0 6.89788 -622.039
0 -393.667 0 6.73053 -245.789 0 0 0 8.52128 -624.204
0 -395.77 0 7.90698 -246.683 0 0 0 5.70744 -628.838
0 -399.54 0 8.91965 -245.141 0 0 0 6.2493 -629.512
0 -399.08 0 7.18807 -245.939 0 0 0 7.28227 -630.549
0 -395.651 0 7.33287 -246.481 0 0 0 6.36633 -628.432
0 -397.987 0 6.8385 -247.902 0 0 0 5.76385 -633.287
0 -399.843 0 6.38034 -250.642 0 0 0 5.73226 -638.373
0 -400.163 0 7.12559 -247.724 0 0 0 6.84255 -633.919
0 -398.054 0 6.12898 -244.795 0 0 0 6.93103 -629.789
0 -401.484 0 6.86444 -245.522 0 0 0 5.74934 -634.392
0 -398.33 0 6.24696 -247.283 0 0 0 6.23976 -633.126
0 -399.734 0 7.48363 -249.551 0 0 0 7.58523 -634.216
0 -394.135 0 8.47673 -245.299 0 0 0 6.67253 -624.284
0 -398.342 0 8.87997 -248.846 0 0 0 8.35914 -629.949
0 -392.801 0 9.65429 -250.31 0 0 0 8.70382 -624.753
0 -394.155 0 10.3008 -251.31 0 0 0 7.05644 -628.108
0 -396.526 0 10.0297 -249.591 0 0 0 7.50828 -628.579
0 -398.153 0 8.19641 -247.462 0 0 0 7.20412 -630.214
0 -399.531 0 8.04921 -248.703 0 0 0 7.53163 -632.654
0 -402.398 0 7.88902 -248.131 0 0 0 8.80705 -633.832
0 -399.072 0 7.30062 -248.201 0 0 0 8.23574 -631.736
0 -403.151 0 9.34538 -250.124 0 0 0 8.98213 -634.947
0 -405.266 0 7.60456 -248.422 0 0 0 6.45426 -639.629
0 -399.394 0 8.24774 -245.799 0 0 0 6.95736 -629.987
0 -400.076 0 9.35801 -247.057 0 0 0 6.67006 -631.104
0 -397.545 0 8.09528 -247.101 0 0 0 5.69244 -630.859
0 -400.485 0 10.7024 -247.435 0 0 0 6.66969 -630.548
0 -395.493 0 9.35635 -247.603 0 0 0 6.63117 -627.109
0 -393.745 0 7.09951 -248.36 0 0 0 6.85679 -628.148
0 -398.202 0 7.85738 -250.767 0 0 0 9.5812 -631.53
0 -394.916 0 6.96794 -251.046 0 0 0 9.24715 -629.747
0 -397.664 0 9.90606 -248.885 0 0 0 9.71941 -626.923
0 -399.057 0 7.53197 -246.771 0 0 0 9.53258 -628.763
0 -399.669 0 9.07035 -249.842 0 0 0 10.3584 -630.082
0 -393.11 0 9.34672 -251.184 0 0 0 11.7688 -623.178
0 -394.431 0 8.57909 -250.264 0 0 0 10.9277 -625.188
0 -398.862 0 9.15174 -248.256 0 0 0 10.7052 -627.261
0 -401.584 0 9.30117 -251.518 0 0 0 9.30863 -634.492
0 -401.071 0 6.57222 -250.65 0 0 0 7.06317 -638.086
0 -398.64 0 7.34464 -253.104 0 0 0 7.5847 -636.815
0 -392.606 0 8.70251 -248.544 0 0 0 8.15782 -624.289
0 -395.923 0 7.04382 -253.001 0 0 0 6.78916 -635.092
0 -391.191 0 5.99728 -248.681 0 0 0 6.90542 -626.97
0 -388.832 0 7.09968 -251.844 0 0 0 7.59986 -625.976
0 -393.107 0 10.477 -252.469 0 0 0 7.44476 -627.654
0 -393.67 0 6.40944 -252.272 0 0 0 7.10756 -632.425
0 -383.767 0 9.02423 -253.274 0 0 0 7.51044 -620.506
0 -393.063 0 7.15405 -252.811 0 0 0 8.7895 -629.931
0 -398.166 0 6.85838 -253.293 0 0 0 6.61143 -637.989
0 -399.34 0 6.57769 -252.339 0 0 0 6.44447 -638.657
0 -400.138 0 7.23393 -250.094 0 0 0 6.91711 -636.081
0 -397.28 0 7.63199 -251.499 0 0 0 7.66754 -633.479
0 -399.924 0 5.12454 -245.678 0 0 0 6.05481 -634.423
0 -399.863 0 6.73271 -249.878 0 0 0 8.69766 -634.31
0 -399.066 0 7.14603 -250.087 0 0 0 8.47463 -633.533
0 -397.851 0 6.9382 -250.925 0 0 0 8.1628 -633.675
0 -393.28 0 6.89069 -248.244 0 0 0 7.44247 -627.191
0 -396.465 0 7.78206 -252.013 0 0 0 6.68935 -634.007
0 -395.174 0 5.88965 -250.726 0 0 0 7.20663 -632.804
0 -398.321 0 8.01158 -246.71 0 0 0 7.78954 -629.23
0 -399.895 0 8.02232 -249.677 0 0 0 7.74105 -633.809
0 -400.441 0 10.0142 -247.529 0 0 0 8.04792 -629.907
0 -398.803 0 11.8792 -252.773 0 0 0 8.41278 -631.284
0 -399.014 0 11.4265 -249.678 0 0 0 8.36155 -628.904
0 -396.665 0 6.74662 -249.85 0 0 0 8.77966 -630.988
0 -395.856 0 6.78835 -251.215 0 0 0 8.69503 -631.588
0 -396.657 0 8.4475 -252.133 0 0 0 8.65366 -631.689
0 -396.905 0 7.46823 -250.725 0 0 0 7.48811 -632.674
0 -397.957 0 7.30011 -248.129 0 0 0 6.88061 -631.905
0 -394.858 0 7.78799 -247.704 0 0 0 6.41756 -628.357
0 -394.514 0 6.21741 -247.638 0 0 0 8.75977 -627.174
0 -391.459 0 5.65502 -246.375 0 0 0 8.19298 -623.987
0 -392.038 0 6.67543 -247.471 0 0 0 7.85785 -624.975
0 -391.806 0 7.7683 -249.624 0 0 0 7.02796 -626.634
0 -395.734 0 8.14069 -249.191 0 0 0 7.53315 -629.251
0 -398.721 0 7.0432 -249.797 0 0 0 8.05907 -633.417
0 -399.03 0 8.15727 -248.656 0 0 0 7.96838 -631.561
0 -395.205 0 11.268 -249.988 0 0 0 7.61879 -626.306
0 -399.529 0 8.97858 -249.047 0 0 0 6.25902 -633.338
0 -396.659 0 7.70527 -252.137 0 0 0 6.09231 -634.998
0 -396.655 0 6.33174 -251.81 0 0 0 7.44732 -634.686
0 -404.547 0 6.52843 -251.653 0 0 0 7.00594 -642.666
0 -400.061 0 8.46612 -247.266 0 0 0 9.43619 -629.424
0 -400.573 0 8.14796 -245.956 0 0 0 7.75244 -630.628
0 -399.923 0 9.47547 -244.609 0 0 0 7.72308 -627.334
